Terminals unused in grammar

    REDUCE
    SHIFT


State 0 conflicts: 2 shift/reduce, 1 reduce/reduce
State 58 conflicts: 1 shift/reduce
State 59 conflicts: 1 shift/reduce
State 101 conflicts: 1 shift/reduce
State 102 conflicts: 1 shift/reduce
State 103 conflicts: 1 shift/reduce
State 104 conflicts: 1 shift/reduce
State 105 conflicts: 1 shift/reduce
State 106 conflicts: 1 shift/reduce
State 107 conflicts: 1 shift/reduce
State 108 conflicts: 1 shift/reduce
State 109 conflicts: 1 shift/reduce
State 110 conflicts: 1 shift/reduce
State 111 conflicts: 1 shift/reduce
State 112 conflicts: 1 shift/reduce
State 113 conflicts: 1 shift/reduce
State 115 conflicts: 16 shift/reduce


Grammar

    0 $accept: Program $end

    1 Program: ExtDefList
    2        | HeadList ExtDefList

    3 HeadList: %empty
    4         | Head HeadList

    5 Head: INCLUDE FILEIN
    6     | INCLUDE ERROR
    7     | INCLUDE error
    8     | DEFINEIN ID INT
    9     | DEFINEIN ID FLOAT
   10     | DEFINEIN ID CHAR
   11     | DEFINEIN ID ID
   12     | DEFINEIN ID ERROR
   13     | DEFINEIN error
   14     | DEFINEIN TransPara Exp

   15 TransPara: ID LP IdList RP
   16          | ID LP IdList error

   17 IdList: ID
   18       | ID COMMA IdList
   19       | %empty

   20 ExtDefList: %empty
   21           | ExtDef ExtDefList

   22 ExtDef: Specifier ExtDecList SEMI
   23       | Specifier SEMI
   24       | Specifier FunDec CompSt
   25       | Specifier error

   26 ExtDecList: VarDec
   27           | VarDec COMMA ExtDecList

   28 Specifier: TYPE
   29          | StructSpecifier

   30 StructSpecifier: STRUCT ID LC DefList RC
   31                | STRUCT ID LC DefList error
   32                | STRUCT ID

   33 VarDec: ID
   34       | VarDec LB INT RB
   35       | ERROR

   36 FunDec: ID LP VarList RP
   37       | ID LP RP
   38       | ID LP error
   39       | ID LP VarList error

   40 VarList: ParamDec COMMA VarList
   41        | ParamDec

   42 ParamDec: Specifier VarDec

   43 CompSt: LC DefList StmtList RC

   44 StmtList: %empty
   45         | Stmt StmtList

   46 Stmt: Exp SEMI
   47     | CompSt
   48     | RETURN Exp SEMI
   49     | RETURN Exp error
   50     | IF LP Exp RP Stmt
   51     | IF LP Exp error Stmt
   52     | IF LP Exp RP Stmt ELSE Stmt
   53     | WHILE LP Exp RP Stmt
   54     | WHILE LP Exp error Stmt
   55     | Exp error

   56 DefList: %empty
   57        | Def DefList

   58 Def: Specifier DecList SEMI
   59    | Specifier DecList error

   60 DecList: Dec
   61        | Dec COMMA DecList

   62 Dec: VarDec
   63    | VarDec ASSIGN Exp

   64 Exp: Exp ASSIGN Exp
   65    | Exp AND Exp
   66    | Exp OR Exp
   67    | Exp ERROR Exp
   68    | Exp LT Exp
   69    | Exp LE Exp
   70    | Exp GT Exp
   71    | Exp GE Exp
   72    | Exp NE Exp
   73    | Exp EQ Exp
   74    | Exp PLUS Exp
   75    | Exp MINUS Exp
   76    | Exp MUL Exp
   77    | Exp DIV Exp
   78    | LP Exp RP
   79    | LP Exp error
   80    | MINUS Exp
   81    | NOT Exp
   82    | ID LP Args RP
   83    | ID LP Args error
   84    | ID LP RP
   85    | Exp LB Exp RB
   86    | Exp DOT ID
   87    | ID
   88    | INT
   89    | FLOAT
   90    | CHAR
   91    | ERROR

   92 Args: Exp COMMA Args
   93     | Exp


Terminals, with rules where they appear

    $end (0) 0
    error (256) 7 13 16 25 31 38 39 49 51 54 55 59 79 83
    INT (258) 8 34 88
    FLOAT (259) 9 89
    CHAR (260) 10 90
    TYPE (261) 28
    STRUCT (262) 30 31 32
    IF (263) 50 51 52
    ELSE (264) 52
    WHILE (265) 53 54
    RETURN (266) 48 49
    ID (267) 8 9 10 11 12 15 16 17 18 30 31 32 33 36 37 38 39 82 83 84 86 87
    DOT (268) 86
    SEMI (269) 22 23 46 48 58
    COMMA (270) 18 27 40 61 92
    INCLUDE (271) 5 6 7
    FILEIN (272) 5
    DEFINEIN (273) 8 9 10 11 12 13 14
    ASSIGN (274) 63 64
    LT (275) 68
    LE (276) 69
    GT (277) 70
    GE (278) 71
    NE (279) 72
    EQ (280) 73
    PLUS (281) 74
    MINUS (282) 75 80
    MUL (283) 76
    DIV (284) 77
    AND (285) 65
    OR (286) 66
    NOT (287) 81
    LP (288) 15 16 36 37 38 39 50 51 52 53 54 78 79 82 83 84
    RP (289) 15 36 37 50 52 53 78 82 84
    LB (290) 34 85
    RB (291) 34 85
    ERROR (292) 6 12 35 67 91
    NEG (293)
    LC (294) 30 31 43
    RC (295) 30 43
    LOWER_ELSE (296)
    REDUCE (297)
    SHIFT (298)


Nonterminals, with rules where they appear

    $accept (44)
        on left: 0
    Program (45)
        on left: 1 2
        on right: 0
    HeadList (46)
        on left: 3 4
        on right: 2 4
    Head (47)
        on left: 5 6 7 8 9 10 11 12 13 14
        on right: 4
    TransPara (48)
        on left: 15 16
        on right: 14
    IdList (49)
        on left: 17 18 19
        on right: 15 16 18
    ExtDefList (50)
        on left: 20 21
        on right: 1 2 21
    ExtDef (51)
        on left: 22 23 24 25
        on right: 21
    ExtDecList (52)
        on left: 26 27
        on right: 22 27
    Specifier (53)
        on left: 28 29
        on right: 22 23 24 25 42 58 59
    StructSpecifier (54)
        on left: 30 31 32
        on right: 29
    VarDec (55)
        on left: 33 34 35
        on right: 26 27 34 42 62 63
    FunDec (56)
        on left: 36 37 38 39
        on right: 24
    VarList (57)
        on left: 40 41
        on right: 36 39 40
    ParamDec (58)
        on left: 42
        on right: 40 41
    CompSt (59)
        on left: 43
        on right: 24 47
    StmtList (60)
        on left: 44 45
        on right: 43 45
    Stmt (61)
        on left: 46 47 48 49 50 51 52 53 54 55
        on right: 45 50 51 52 53 54
    DefList (62)
        on left: 56 57
        on right: 30 31 43 57
    Def (63)
        on left: 58 59
        on right: 57
    DecList (64)
        on left: 60 61
        on right: 58 59 61
    Dec (65)
        on left: 62 63
        on right: 60 61
    Exp (66)
        on left: 64 65 66 67 68 69 70 71 72 73 74 75 76 77 78 79 80 81 82 83 84 85 86 87 88 89 90 91
        on right: 14 46 48 49 50 51 52 53 54 55 63 64 65 66 67 68 69 70 71 72 73 74 75 76 77 78 79 80 81 85 86 92 93
    Args (67)
        on left: 92 93
        on right: 82 83 92


State 0

    0 $accept: . Program $end

    TYPE      shift, and go to state 1
    STRUCT    shift, and go to state 2
    INCLUDE   shift, and go to state 3
    DEFINEIN  shift, and go to state 4

    $end      reduce using rule 3 (HeadList)
    $end      [reduce using rule 20 (ExtDefList)]
    TYPE      [reduce using rule 3 (HeadList)]
    STRUCT    [reduce using rule 3 (HeadList)]
    $default  reduce using rule 3 (HeadList)

    Program          go to state 5
    HeadList         go to state 6
    Head             go to state 7
    ExtDefList       go to state 8
    ExtDef           go to state 9
    Specifier        go to state 10
    StructSpecifier  go to state 11


State 1

   28 Specifier: TYPE .

    $default  reduce using rule 28 (Specifier)


State 2

   30 StructSpecifier: STRUCT . ID LC DefList RC
   31                | STRUCT . ID LC DefList error
   32                | STRUCT . ID

    ID  shift, and go to state 12


State 3

    5 Head: INCLUDE . FILEIN
    6     | INCLUDE . ERROR
    7     | INCLUDE . error

    error   shift, and go to state 13
    FILEIN  shift, and go to state 14
    ERROR   shift, and go to state 15


State 4

    8 Head: DEFINEIN . ID INT
    9     | DEFINEIN . ID FLOAT
   10     | DEFINEIN . ID CHAR
   11     | DEFINEIN . ID ID
   12     | DEFINEIN . ID ERROR
   13     | DEFINEIN . error
   14     | DEFINEIN . TransPara Exp

    error  shift, and go to state 16
    ID     shift, and go to state 17

    TransPara  go to state 18


State 5

    0 $accept: Program . $end

    $end  shift, and go to state 19


State 6

    2 Program: HeadList . ExtDefList

    TYPE    shift, and go to state 1
    STRUCT  shift, and go to state 2

    $default  reduce using rule 20 (ExtDefList)

    ExtDefList       go to state 20
    ExtDef           go to state 9
    Specifier        go to state 10
    StructSpecifier  go to state 11


State 7

    4 HeadList: Head . HeadList

    INCLUDE   shift, and go to state 3
    DEFINEIN  shift, and go to state 4

    $default  reduce using rule 3 (HeadList)

    HeadList  go to state 21
    Head      go to state 7


State 8

    1 Program: ExtDefList .

    $default  reduce using rule 1 (Program)


State 9

   21 ExtDefList: ExtDef . ExtDefList

    TYPE    shift, and go to state 1
    STRUCT  shift, and go to state 2

    $default  reduce using rule 20 (ExtDefList)

    ExtDefList       go to state 22
    ExtDef           go to state 9
    Specifier        go to state 10
    StructSpecifier  go to state 11


State 10

   22 ExtDef: Specifier . ExtDecList SEMI
   23       | Specifier . SEMI
   24       | Specifier . FunDec CompSt
   25       | Specifier . error

    error  shift, and go to state 23
    ID     shift, and go to state 24
    SEMI   shift, and go to state 25
    ERROR  shift, and go to state 26

    ExtDecList  go to state 27
    VarDec      go to state 28
    FunDec      go to state 29


State 11

   29 Specifier: StructSpecifier .

    $default  reduce using rule 29 (Specifier)


State 12

   30 StructSpecifier: STRUCT ID . LC DefList RC
   31                | STRUCT ID . LC DefList error
   32                | STRUCT ID .

    LC  shift, and go to state 30

    $default  reduce using rule 32 (StructSpecifier)


State 13

    7 Head: INCLUDE error .

    $default  reduce using rule 7 (Head)


State 14

    5 Head: INCLUDE FILEIN .

    $default  reduce using rule 5 (Head)


State 15

    6 Head: INCLUDE ERROR .

    $default  reduce using rule 6 (Head)


State 16

   13 Head: DEFINEIN error .

    $default  reduce using rule 13 (Head)


State 17

    8 Head: DEFINEIN ID . INT
    9     | DEFINEIN ID . FLOAT
   10     | DEFINEIN ID . CHAR
   11     | DEFINEIN ID . ID
   12     | DEFINEIN ID . ERROR
   15 TransPara: ID . LP IdList RP
   16          | ID . LP IdList error

    INT    shift, and go to state 31
    FLOAT  shift, and go to state 32
    CHAR   shift, and go to state 33
    ID     shift, and go to state 34
    LP     shift, and go to state 35
    ERROR  shift, and go to state 36


State 18

   14 Head: DEFINEIN TransPara . Exp

    INT    shift, and go to state 37
    FLOAT  shift, and go to state 38
    CHAR   shift, and go to state 39
    ID     shift, and go to state 40
    MINUS  shift, and go to state 41
    NOT    shift, and go to state 42
    LP     shift, and go to state 43
    ERROR  shift, and go to state 44

    Exp  go to state 45


State 19

    0 $accept: Program $end .

    $default  accept


State 20

    2 Program: HeadList ExtDefList .

    $default  reduce using rule 2 (Program)


State 21

    4 HeadList: Head HeadList .

    $default  reduce using rule 4 (HeadList)


State 22

   21 ExtDefList: ExtDef ExtDefList .

    $default  reduce using rule 21 (ExtDefList)


State 23

   25 ExtDef: Specifier error .

    $default  reduce using rule 25 (ExtDef)


State 24

   33 VarDec: ID .
   36 FunDec: ID . LP VarList RP
   37       | ID . LP RP
   38       | ID . LP error
   39       | ID . LP VarList error

    LP  shift, and go to state 46

    $default  reduce using rule 33 (VarDec)


State 25

   23 ExtDef: Specifier SEMI .

    $default  reduce using rule 23 (ExtDef)


State 26

   35 VarDec: ERROR .

    $default  reduce using rule 35 (VarDec)


State 27

   22 ExtDef: Specifier ExtDecList . SEMI

    SEMI  shift, and go to state 47


State 28

   26 ExtDecList: VarDec .
   27           | VarDec . COMMA ExtDecList
   34 VarDec: VarDec . LB INT RB

    COMMA  shift, and go to state 48
    LB     shift, and go to state 49

    $default  reduce using rule 26 (ExtDecList)


State 29

   24 ExtDef: Specifier FunDec . CompSt

    LC  shift, and go to state 50

    CompSt  go to state 51


State 30

   30 StructSpecifier: STRUCT ID LC . DefList RC
   31                | STRUCT ID LC . DefList error

    TYPE    shift, and go to state 1
    STRUCT  shift, and go to state 2

    $default  reduce using rule 56 (DefList)

    Specifier        go to state 52
    StructSpecifier  go to state 11
    DefList          go to state 53
    Def              go to state 54


State 31

    8 Head: DEFINEIN ID INT .

    $default  reduce using rule 8 (Head)


State 32

    9 Head: DEFINEIN ID FLOAT .

    $default  reduce using rule 9 (Head)


State 33

   10 Head: DEFINEIN ID CHAR .

    $default  reduce using rule 10 (Head)


State 34

   11 Head: DEFINEIN ID ID .

    $default  reduce using rule 11 (Head)


State 35

   15 TransPara: ID LP . IdList RP
   16          | ID LP . IdList error

    ID  shift, and go to state 55

    $default  reduce using rule 19 (IdList)

    IdList  go to state 56


State 36

   12 Head: DEFINEIN ID ERROR .

    $default  reduce using rule 12 (Head)


State 37

   88 Exp: INT .

    $default  reduce using rule 88 (Exp)


State 38

   89 Exp: FLOAT .

    $default  reduce using rule 89 (Exp)


State 39

   90 Exp: CHAR .

    $default  reduce using rule 90 (Exp)


State 40

   82 Exp: ID . LP Args RP
   83    | ID . LP Args error
   84    | ID . LP RP
   87    | ID .

    LP  shift, and go to state 57

    $default  reduce using rule 87 (Exp)


State 41

   80 Exp: MINUS . Exp

    INT    shift, and go to state 37
    FLOAT  shift, and go to state 38
    CHAR   shift, and go to state 39
    ID     shift, and go to state 40
    MINUS  shift, and go to state 41
    NOT    shift, and go to state 42
    LP     shift, and go to state 43
    ERROR  shift, and go to state 44

    Exp  go to state 58


State 42

   81 Exp: NOT . Exp

    INT    shift, and go to state 37
    FLOAT  shift, and go to state 38
    CHAR   shift, and go to state 39
    ID     shift, and go to state 40
    MINUS  shift, and go to state 41
    NOT    shift, and go to state 42
    LP     shift, and go to state 43
    ERROR  shift, and go to state 44

    Exp  go to state 59


State 43

   78 Exp: LP . Exp RP
   79    | LP . Exp error

    INT    shift, and go to state 37
    FLOAT  shift, and go to state 38
    CHAR   shift, and go to state 39
    ID     shift, and go to state 40
    MINUS  shift, and go to state 41
    NOT    shift, and go to state 42
    LP     shift, and go to state 43
    ERROR  shift, and go to state 44

    Exp  go to state 60


State 44

   91 Exp: ERROR .

    $default  reduce using rule 91 (Exp)


State 45

   14 Head: DEFINEIN TransPara Exp .
   64 Exp: Exp . ASSIGN Exp
   65    | Exp . AND Exp
   66    | Exp . OR Exp
   67    | Exp . ERROR Exp
   68    | Exp . LT Exp
   69    | Exp . LE Exp
   70    | Exp . GT Exp
   71    | Exp . GE Exp
   72    | Exp . NE Exp
   73    | Exp . EQ Exp
   74    | Exp . PLUS Exp
   75    | Exp . MINUS Exp
   76    | Exp . MUL Exp
   77    | Exp . DIV Exp
   85    | Exp . LB Exp RB
   86    | Exp . DOT ID

    DOT     shift, and go to state 61
    ASSIGN  shift, and go to state 62
    LT      shift, and go to state 63
    LE      shift, and go to state 64
    GT      shift, and go to state 65
    GE      shift, and go to state 66
    NE      shift, and go to state 67
    EQ      shift, and go to state 68
    PLUS    shift, and go to state 69
    MINUS   shift, and go to state 70
    MUL     shift, and go to state 71
    DIV     shift, and go to state 72
    AND     shift, and go to state 73
    OR      shift, and go to state 74
    LB      shift, and go to state 75
    ERROR   shift, and go to state 76

    $default  reduce using rule 14 (Head)


State 46

   36 FunDec: ID LP . VarList RP
   37       | ID LP . RP
   38       | ID LP . error
   39       | ID LP . VarList error

    error   shift, and go to state 77
    TYPE    shift, and go to state 1
    STRUCT  shift, and go to state 2
    RP      shift, and go to state 78

    Specifier        go to state 79
    StructSpecifier  go to state 11
    VarList          go to state 80
    ParamDec         go to state 81


State 47

   22 ExtDef: Specifier ExtDecList SEMI .

    $default  reduce using rule 22 (ExtDef)


State 48

   27 ExtDecList: VarDec COMMA . ExtDecList

    ID     shift, and go to state 82
    ERROR  shift, and go to state 26

    ExtDecList  go to state 83
    VarDec      go to state 28


State 49

   34 VarDec: VarDec LB . INT RB

    INT  shift, and go to state 84


State 50

   43 CompSt: LC . DefList StmtList RC

    TYPE    shift, and go to state 1
    STRUCT  shift, and go to state 2

    $default  reduce using rule 56 (DefList)

    Specifier        go to state 52
    StructSpecifier  go to state 11
    DefList          go to state 85
    Def              go to state 54


State 51

   24 ExtDef: Specifier FunDec CompSt .

    $default  reduce using rule 24 (ExtDef)


State 52

   58 Def: Specifier . DecList SEMI
   59    | Specifier . DecList error

    ID     shift, and go to state 82
    ERROR  shift, and go to state 26

    VarDec   go to state 86
    DecList  go to state 87
    Dec      go to state 88


State 53

   30 StructSpecifier: STRUCT ID LC DefList . RC
   31                | STRUCT ID LC DefList . error

    error  shift, and go to state 89
    RC     shift, and go to state 90


State 54

   57 DefList: Def . DefList

    TYPE    shift, and go to state 1
    STRUCT  shift, and go to state 2

    $default  reduce using rule 56 (DefList)

    Specifier        go to state 52
    StructSpecifier  go to state 11
    DefList          go to state 91
    Def              go to state 54


State 55

   17 IdList: ID .
   18       | ID . COMMA IdList

    COMMA  shift, and go to state 92

    $default  reduce using rule 17 (IdList)


State 56

   15 TransPara: ID LP IdList . RP
   16          | ID LP IdList . error

    error  shift, and go to state 93
    RP     shift, and go to state 94


State 57

   82 Exp: ID LP . Args RP
   83    | ID LP . Args error
   84    | ID LP . RP

    INT    shift, and go to state 37
    FLOAT  shift, and go to state 38
    CHAR   shift, and go to state 39
    ID     shift, and go to state 40
    MINUS  shift, and go to state 41
    NOT    shift, and go to state 42
    LP     shift, and go to state 43
    RP     shift, and go to state 95
    ERROR  shift, and go to state 44

    Exp   go to state 96
    Args  go to state 97


State 58

   64 Exp: Exp . ASSIGN Exp
   65    | Exp . AND Exp
   66    | Exp . OR Exp
   67    | Exp . ERROR Exp
   68    | Exp . LT Exp
   69    | Exp . LE Exp
   70    | Exp . GT Exp
   71    | Exp . GE Exp
   72    | Exp . NE Exp
   73    | Exp . EQ Exp
   74    | Exp . PLUS Exp
   75    | Exp . MINUS Exp
   76    | Exp . MUL Exp
   77    | Exp . DIV Exp
   80    | MINUS Exp .
   85    | Exp . LB Exp RB
   86    | Exp . DOT ID

    DOT    shift, and go to state 61
    LB     shift, and go to state 75
    ERROR  shift, and go to state 76

    ERROR     [reduce using rule 80 (Exp)]
    $default  reduce using rule 80 (Exp)


State 59

   64 Exp: Exp . ASSIGN Exp
   65    | Exp . AND Exp
   66    | Exp . OR Exp
   67    | Exp . ERROR Exp
   68    | Exp . LT Exp
   69    | Exp . LE Exp
   70    | Exp . GT Exp
   71    | Exp . GE Exp
   72    | Exp . NE Exp
   73    | Exp . EQ Exp
   74    | Exp . PLUS Exp
   75    | Exp . MINUS Exp
   76    | Exp . MUL Exp
   77    | Exp . DIV Exp
   81    | NOT Exp .
   85    | Exp . LB Exp RB
   86    | Exp . DOT ID

    DOT    shift, and go to state 61
    LB     shift, and go to state 75
    ERROR  shift, and go to state 76

    ERROR     [reduce using rule 81 (Exp)]
    $default  reduce using rule 81 (Exp)


State 60

   64 Exp: Exp . ASSIGN Exp
   65    | Exp . AND Exp
   66    | Exp . OR Exp
   67    | Exp . ERROR Exp
   68    | Exp . LT Exp
   69    | Exp . LE Exp
   70    | Exp . GT Exp
   71    | Exp . GE Exp
   72    | Exp . NE Exp
   73    | Exp . EQ Exp
   74    | Exp . PLUS Exp
   75    | Exp . MINUS Exp
   76    | Exp . MUL Exp
   77    | Exp . DIV Exp
   78    | LP Exp . RP
   79    | LP Exp . error
   85    | Exp . LB Exp RB
   86    | Exp . DOT ID

    error   shift, and go to state 98
    DOT     shift, and go to state 61
    ASSIGN  shift, and go to state 62
    LT      shift, and go to state 63
    LE      shift, and go to state 64
    GT      shift, and go to state 65
    GE      shift, and go to state 66
    NE      shift, and go to state 67
    EQ      shift, and go to state 68
    PLUS    shift, and go to state 69
    MINUS   shift, and go to state 70
    MUL     shift, and go to state 71
    DIV     shift, and go to state 72
    AND     shift, and go to state 73
    OR      shift, and go to state 74
    RP      shift, and go to state 99
    LB      shift, and go to state 75
    ERROR   shift, and go to state 76


State 61

   86 Exp: Exp DOT . ID

    ID  shift, and go to state 100


State 62

   64 Exp: Exp ASSIGN . Exp

    INT    shift, and go to state 37
    FLOAT  shift, and go to state 38
    CHAR   shift, and go to state 39
    ID     shift, and go to state 40
    MINUS  shift, and go to state 41
    NOT    shift, and go to state 42
    LP     shift, and go to state 43
    ERROR  shift, and go to state 44

    Exp  go to state 101


State 63

   68 Exp: Exp LT . Exp

    INT    shift, and go to state 37
    FLOAT  shift, and go to state 38
    CHAR   shift, and go to state 39
    ID     shift, and go to state 40
    MINUS  shift, and go to state 41
    NOT    shift, and go to state 42
    LP     shift, and go to state 43
    ERROR  shift, and go to state 44

    Exp  go to state 102


State 64

   69 Exp: Exp LE . Exp

    INT    shift, and go to state 37
    FLOAT  shift, and go to state 38
    CHAR   shift, and go to state 39
    ID     shift, and go to state 40
    MINUS  shift, and go to state 41
    NOT    shift, and go to state 42
    LP     shift, and go to state 43
    ERROR  shift, and go to state 44

    Exp  go to state 103


State 65

   70 Exp: Exp GT . Exp

    INT    shift, and go to state 37
    FLOAT  shift, and go to state 38
    CHAR   shift, and go to state 39
    ID     shift, and go to state 40
    MINUS  shift, and go to state 41
    NOT    shift, and go to state 42
    LP     shift, and go to state 43
    ERROR  shift, and go to state 44

    Exp  go to state 104


State 66

   71 Exp: Exp GE . Exp

    INT    shift, and go to state 37
    FLOAT  shift, and go to state 38
    CHAR   shift, and go to state 39
    ID     shift, and go to state 40
    MINUS  shift, and go to state 41
    NOT    shift, and go to state 42
    LP     shift, and go to state 43
    ERROR  shift, and go to state 44

    Exp  go to state 105


State 67

   72 Exp: Exp NE . Exp

    INT    shift, and go to state 37
    FLOAT  shift, and go to state 38
    CHAR   shift, and go to state 39
    ID     shift, and go to state 40
    MINUS  shift, and go to state 41
    NOT    shift, and go to state 42
    LP     shift, and go to state 43
    ERROR  shift, and go to state 44

    Exp  go to state 106


State 68

   73 Exp: Exp EQ . Exp

    INT    shift, and go to state 37
    FLOAT  shift, and go to state 38
    CHAR   shift, and go to state 39
    ID     shift, and go to state 40
    MINUS  shift, and go to state 41
    NOT    shift, and go to state 42
    LP     shift, and go to state 43
    ERROR  shift, and go to state 44

    Exp  go to state 107


State 69

   74 Exp: Exp PLUS . Exp

    INT    shift, and go to state 37
    FLOAT  shift, and go to state 38
    CHAR   shift, and go to state 39
    ID     shift, and go to state 40
    MINUS  shift, and go to state 41
    NOT    shift, and go to state 42
    LP     shift, and go to state 43
    ERROR  shift, and go to state 44

    Exp  go to state 108


State 70

   75 Exp: Exp MINUS . Exp

    INT    shift, and go to state 37
    FLOAT  shift, and go to state 38
    CHAR   shift, and go to state 39
    ID     shift, and go to state 40
    MINUS  shift, and go to state 41
    NOT    shift, and go to state 42
    LP     shift, and go to state 43
    ERROR  shift, and go to state 44

    Exp  go to state 109


State 71

   76 Exp: Exp MUL . Exp

    INT    shift, and go to state 37
    FLOAT  shift, and go to state 38
    CHAR   shift, and go to state 39
    ID     shift, and go to state 40
    MINUS  shift, and go to state 41
    NOT    shift, and go to state 42
    LP     shift, and go to state 43
    ERROR  shift, and go to state 44

    Exp  go to state 110


State 72

   77 Exp: Exp DIV . Exp

    INT    shift, and go to state 37
    FLOAT  shift, and go to state 38
    CHAR   shift, and go to state 39
    ID     shift, and go to state 40
    MINUS  shift, and go to state 41
    NOT    shift, and go to state 42
    LP     shift, and go to state 43
    ERROR  shift, and go to state 44

    Exp  go to state 111


State 73

   65 Exp: Exp AND . Exp

    INT    shift, and go to state 37
    FLOAT  shift, and go to state 38
    CHAR   shift, and go to state 39
    ID     shift, and go to state 40
    MINUS  shift, and go to state 41
    NOT    shift, and go to state 42
    LP     shift, and go to state 43
    ERROR  shift, and go to state 44

    Exp  go to state 112


State 74

   66 Exp: Exp OR . Exp

    INT    shift, and go to state 37
    FLOAT  shift, and go to state 38
    CHAR   shift, and go to state 39
    ID     shift, and go to state 40
    MINUS  shift, and go to state 41
    NOT    shift, and go to state 42
    LP     shift, and go to state 43
    ERROR  shift, and go to state 44

    Exp  go to state 113


State 75

   85 Exp: Exp LB . Exp RB

    INT    shift, and go to state 37
    FLOAT  shift, and go to state 38
    CHAR   shift, and go to state 39
    ID     shift, and go to state 40
    MINUS  shift, and go to state 41
    NOT    shift, and go to state 42
    LP     shift, and go to state 43
    ERROR  shift, and go to state 44

    Exp  go to state 114


State 76

   67 Exp: Exp ERROR . Exp

    INT    shift, and go to state 37
    FLOAT  shift, and go to state 38
    CHAR   shift, and go to state 39
    ID     shift, and go to state 40
    MINUS  shift, and go to state 41
    NOT    shift, and go to state 42
    LP     shift, and go to state 43
    ERROR  shift, and go to state 44

    Exp  go to state 115


State 77

   38 FunDec: ID LP error .

    $default  reduce using rule 38 (FunDec)


State 78

   37 FunDec: ID LP RP .

    $default  reduce using rule 37 (FunDec)


State 79

   42 ParamDec: Specifier . VarDec

    ID     shift, and go to state 82
    ERROR  shift, and go to state 26

    VarDec  go to state 116


State 80

   36 FunDec: ID LP VarList . RP
   39       | ID LP VarList . error

    error  shift, and go to state 117
    RP     shift, and go to state 118


State 81

   40 VarList: ParamDec . COMMA VarList
   41        | ParamDec .

    COMMA  shift, and go to state 119

    $default  reduce using rule 41 (VarList)


State 82

   33 VarDec: ID .

    $default  reduce using rule 33 (VarDec)


State 83

   27 ExtDecList: VarDec COMMA ExtDecList .

    $default  reduce using rule 27 (ExtDecList)


State 84

   34 VarDec: VarDec LB INT . RB

    RB  shift, and go to state 120


State 85

   43 CompSt: LC DefList . StmtList RC

    INT     shift, and go to state 37
    FLOAT   shift, and go to state 38
    CHAR    shift, and go to state 39
    IF      shift, and go to state 121
    WHILE   shift, and go to state 122
    RETURN  shift, and go to state 123
    ID      shift, and go to state 40
    MINUS   shift, and go to state 41
    NOT     shift, and go to state 42
    LP      shift, and go to state 43
    ERROR   shift, and go to state 44
    LC      shift, and go to state 50

    $default  reduce using rule 44 (StmtList)

    CompSt    go to state 124
    StmtList  go to state 125
    Stmt      go to state 126
    Exp       go to state 127


State 86

   34 VarDec: VarDec . LB INT RB
   62 Dec: VarDec .
   63    | VarDec . ASSIGN Exp

    ASSIGN  shift, and go to state 128
    LB      shift, and go to state 49

    $default  reduce using rule 62 (Dec)


State 87

   58 Def: Specifier DecList . SEMI
   59    | Specifier DecList . error

    error  shift, and go to state 129
    SEMI   shift, and go to state 130


State 88

   60 DecList: Dec .
   61        | Dec . COMMA DecList

    COMMA  shift, and go to state 131

    $default  reduce using rule 60 (DecList)


State 89

   31 StructSpecifier: STRUCT ID LC DefList error .

    $default  reduce using rule 31 (StructSpecifier)


State 90

   30 StructSpecifier: STRUCT ID LC DefList RC .

    $default  reduce using rule 30 (StructSpecifier)


State 91

   57 DefList: Def DefList .

    $default  reduce using rule 57 (DefList)


State 92

   18 IdList: ID COMMA . IdList

    ID  shift, and go to state 55

    $default  reduce using rule 19 (IdList)

    IdList  go to state 132


State 93

   16 TransPara: ID LP IdList error .

    $default  reduce using rule 16 (TransPara)


State 94

   15 TransPara: ID LP IdList RP .

    $default  reduce using rule 15 (TransPara)


State 95

   84 Exp: ID LP RP .

    $default  reduce using rule 84 (Exp)


State 96

   64 Exp: Exp . ASSIGN Exp
   65    | Exp . AND Exp
   66    | Exp . OR Exp
   67    | Exp . ERROR Exp
   68    | Exp . LT Exp
   69    | Exp . LE Exp
   70    | Exp . GT Exp
   71    | Exp . GE Exp
   72    | Exp . NE Exp
   73    | Exp . EQ Exp
   74    | Exp . PLUS Exp
   75    | Exp . MINUS Exp
   76    | Exp . MUL Exp
   77    | Exp . DIV Exp
   85    | Exp . LB Exp RB
   86    | Exp . DOT ID
   92 Args: Exp . COMMA Args
   93     | Exp .

    DOT     shift, and go to state 61
    COMMA   shift, and go to state 133
    ASSIGN  shift, and go to state 62
    LT      shift, and go to state 63
    LE      shift, and go to state 64
    GT      shift, and go to state 65
    GE      shift, and go to state 66
    NE      shift, and go to state 67
    EQ      shift, and go to state 68
    PLUS    shift, and go to state 69
    MINUS   shift, and go to state 70
    MUL     shift, and go to state 71
    DIV     shift, and go to state 72
    AND     shift, and go to state 73
    OR      shift, and go to state 74
    LB      shift, and go to state 75
    ERROR   shift, and go to state 76

    $default  reduce using rule 93 (Args)


State 97

   82 Exp: ID LP Args . RP
   83    | ID LP Args . error

    error  shift, and go to state 134
    RP     shift, and go to state 135


State 98

   79 Exp: LP Exp error .

    $default  reduce using rule 79 (Exp)


State 99

   78 Exp: LP Exp RP .

    $default  reduce using rule 78 (Exp)


State 100

   86 Exp: Exp DOT ID .

    $default  reduce using rule 86 (Exp)


State 101

   64 Exp: Exp . ASSIGN Exp
   64    | Exp ASSIGN Exp .
   65    | Exp . AND Exp
   66    | Exp . OR Exp
   67    | Exp . ERROR Exp
   68    | Exp . LT Exp
   69    | Exp . LE Exp
   70    | Exp . GT Exp
   71    | Exp . GE Exp
   72    | Exp . NE Exp
   73    | Exp . EQ Exp
   74    | Exp . PLUS Exp
   75    | Exp . MINUS Exp
   76    | Exp . MUL Exp
   77    | Exp . DIV Exp
   85    | Exp . LB Exp RB
   86    | Exp . DOT ID

    DOT     shift, and go to state 61
    ASSIGN  shift, and go to state 62
    LT      shift, and go to state 63
    LE      shift, and go to state 64
    GT      shift, and go to state 65
    GE      shift, and go to state 66
    NE      shift, and go to state 67
    EQ      shift, and go to state 68
    PLUS    shift, and go to state 69
    MINUS   shift, and go to state 70
    MUL     shift, and go to state 71
    DIV     shift, and go to state 72
    AND     shift, and go to state 73
    OR      shift, and go to state 74
    LB      shift, and go to state 75
    ERROR   shift, and go to state 76

    ERROR     [reduce using rule 64 (Exp)]
    $default  reduce using rule 64 (Exp)


State 102

   64 Exp: Exp . ASSIGN Exp
   65    | Exp . AND Exp
   66    | Exp . OR Exp
   67    | Exp . ERROR Exp
   68    | Exp . LT Exp
   68    | Exp LT Exp .
   69    | Exp . LE Exp
   70    | Exp . GT Exp
   71    | Exp . GE Exp
   72    | Exp . NE Exp
   73    | Exp . EQ Exp
   74    | Exp . PLUS Exp
   75    | Exp . MINUS Exp
   76    | Exp . MUL Exp
   77    | Exp . DIV Exp
   85    | Exp . LB Exp RB
   86    | Exp . DOT ID

    DOT    shift, and go to state 61
    PLUS   shift, and go to state 69
    MINUS  shift, and go to state 70
    MUL    shift, and go to state 71
    DIV    shift, and go to state 72
    LB     shift, and go to state 75
    ERROR  shift, and go to state 76

    ERROR     [reduce using rule 68 (Exp)]
    $default  reduce using rule 68 (Exp)


State 103

   64 Exp: Exp . ASSIGN Exp
   65    | Exp . AND Exp
   66    | Exp . OR Exp
   67    | Exp . ERROR Exp
   68    | Exp . LT Exp
   69    | Exp . LE Exp
   69    | Exp LE Exp .
   70    | Exp . GT Exp
   71    | Exp . GE Exp
   72    | Exp . NE Exp
   73    | Exp . EQ Exp
   74    | Exp . PLUS Exp
   75    | Exp . MINUS Exp
   76    | Exp . MUL Exp
   77    | Exp . DIV Exp
   85    | Exp . LB Exp RB
   86    | Exp . DOT ID

    DOT    shift, and go to state 61
    PLUS   shift, and go to state 69
    MINUS  shift, and go to state 70
    MUL    shift, and go to state 71
    DIV    shift, and go to state 72
    LB     shift, and go to state 75
    ERROR  shift, and go to state 76

    ERROR     [reduce using rule 69 (Exp)]
    $default  reduce using rule 69 (Exp)


State 104

   64 Exp: Exp . ASSIGN Exp
   65    | Exp . AND Exp
   66    | Exp . OR Exp
   67    | Exp . ERROR Exp
   68    | Exp . LT Exp
   69    | Exp . LE Exp
   70    | Exp . GT Exp
   70    | Exp GT Exp .
   71    | Exp . GE Exp
   72    | Exp . NE Exp
   73    | Exp . EQ Exp
   74    | Exp . PLUS Exp
   75    | Exp . MINUS Exp
   76    | Exp . MUL Exp
   77    | Exp . DIV Exp
   85    | Exp . LB Exp RB
   86    | Exp . DOT ID

    DOT    shift, and go to state 61
    PLUS   shift, and go to state 69
    MINUS  shift, and go to state 70
    MUL    shift, and go to state 71
    DIV    shift, and go to state 72
    LB     shift, and go to state 75
    ERROR  shift, and go to state 76

    ERROR     [reduce using rule 70 (Exp)]
    $default  reduce using rule 70 (Exp)


State 105

   64 Exp: Exp . ASSIGN Exp
   65    | Exp . AND Exp
   66    | Exp . OR Exp
   67    | Exp . ERROR Exp
   68    | Exp . LT Exp
   69    | Exp . LE Exp
   70    | Exp . GT Exp
   71    | Exp . GE Exp
   71    | Exp GE Exp .
   72    | Exp . NE Exp
   73    | Exp . EQ Exp
   74    | Exp . PLUS Exp
   75    | Exp . MINUS Exp
   76    | Exp . MUL Exp
   77    | Exp . DIV Exp
   85    | Exp . LB Exp RB
   86    | Exp . DOT ID

    DOT    shift, and go to state 61
    PLUS   shift, and go to state 69
    MINUS  shift, and go to state 70
    MUL    shift, and go to state 71
    DIV    shift, and go to state 72
    LB     shift, and go to state 75
    ERROR  shift, and go to state 76

    ERROR     [reduce using rule 71 (Exp)]
    $default  reduce using rule 71 (Exp)


State 106

   64 Exp: Exp . ASSIGN Exp
   65    | Exp . AND Exp
   66    | Exp . OR Exp
   67    | Exp . ERROR Exp
   68    | Exp . LT Exp
   69    | Exp . LE Exp
   70    | Exp . GT Exp
   71    | Exp . GE Exp
   72    | Exp . NE Exp
   72    | Exp NE Exp .
   73    | Exp . EQ Exp
   74    | Exp . PLUS Exp
   75    | Exp . MINUS Exp
   76    | Exp . MUL Exp
   77    | Exp . DIV Exp
   85    | Exp . LB Exp RB
   86    | Exp . DOT ID

    DOT    shift, and go to state 61
    PLUS   shift, and go to state 69
    MINUS  shift, and go to state 70
    MUL    shift, and go to state 71
    DIV    shift, and go to state 72
    LB     shift, and go to state 75
    ERROR  shift, and go to state 76

    ERROR     [reduce using rule 72 (Exp)]
    $default  reduce using rule 72 (Exp)


State 107

   64 Exp: Exp . ASSIGN Exp
   65    | Exp . AND Exp
   66    | Exp . OR Exp
   67    | Exp . ERROR Exp
   68    | Exp . LT Exp
   69    | Exp . LE Exp
   70    | Exp . GT Exp
   71    | Exp . GE Exp
   72    | Exp . NE Exp
   73    | Exp . EQ Exp
   73    | Exp EQ Exp .
   74    | Exp . PLUS Exp
   75    | Exp . MINUS Exp
   76    | Exp . MUL Exp
   77    | Exp . DIV Exp
   85    | Exp . LB Exp RB
   86    | Exp . DOT ID

    DOT    shift, and go to state 61
    PLUS   shift, and go to state 69
    MINUS  shift, and go to state 70
    MUL    shift, and go to state 71
    DIV    shift, and go to state 72
    LB     shift, and go to state 75
    ERROR  shift, and go to state 76

    ERROR     [reduce using rule 73 (Exp)]
    $default  reduce using rule 73 (Exp)


State 108

   64 Exp: Exp . ASSIGN Exp
   65    | Exp . AND Exp
   66    | Exp . OR Exp
   67    | Exp . ERROR Exp
   68    | Exp . LT Exp
   69    | Exp . LE Exp
   70    | Exp . GT Exp
   71    | Exp . GE Exp
   72    | Exp . NE Exp
   73    | Exp . EQ Exp
   74    | Exp . PLUS Exp
   74    | Exp PLUS Exp .
   75    | Exp . MINUS Exp
   76    | Exp . MUL Exp
   77    | Exp . DIV Exp
   85    | Exp . LB Exp RB
   86    | Exp . DOT ID

    DOT    shift, and go to state 61
    MUL    shift, and go to state 71
    DIV    shift, and go to state 72
    LB     shift, and go to state 75
    ERROR  shift, and go to state 76

    ERROR     [reduce using rule 74 (Exp)]
    $default  reduce using rule 74 (Exp)


State 109

   64 Exp: Exp . ASSIGN Exp
   65    | Exp . AND Exp
   66    | Exp . OR Exp
   67    | Exp . ERROR Exp
   68    | Exp . LT Exp
   69    | Exp . LE Exp
   70    | Exp . GT Exp
   71    | Exp . GE Exp
   72    | Exp . NE Exp
   73    | Exp . EQ Exp
   74    | Exp . PLUS Exp
   75    | Exp . MINUS Exp
   75    | Exp MINUS Exp .
   76    | Exp . MUL Exp
   77    | Exp . DIV Exp
   85    | Exp . LB Exp RB
   86    | Exp . DOT ID

    DOT    shift, and go to state 61
    MUL    shift, and go to state 71
    DIV    shift, and go to state 72
    LB     shift, and go to state 75
    ERROR  shift, and go to state 76

    ERROR     [reduce using rule 75 (Exp)]
    $default  reduce using rule 75 (Exp)


State 110

   64 Exp: Exp . ASSIGN Exp
   65    | Exp . AND Exp
   66    | Exp . OR Exp
   67    | Exp . ERROR Exp
   68    | Exp . LT Exp
   69    | Exp . LE Exp
   70    | Exp . GT Exp
   71    | Exp . GE Exp
   72    | Exp . NE Exp
   73    | Exp . EQ Exp
   74    | Exp . PLUS Exp
   75    | Exp . MINUS Exp
   76    | Exp . MUL Exp
   76    | Exp MUL Exp .
   77    | Exp . DIV Exp
   85    | Exp . LB Exp RB
   86    | Exp . DOT ID

    DOT    shift, and go to state 61
    LB     shift, and go to state 75
    ERROR  shift, and go to state 76

    ERROR     [reduce using rule 76 (Exp)]
    $default  reduce using rule 76 (Exp)


State 111

   64 Exp: Exp . ASSIGN Exp
   65    | Exp . AND Exp
   66    | Exp . OR Exp
   67    | Exp . ERROR Exp
   68    | Exp . LT Exp
   69    | Exp . LE Exp
   70    | Exp . GT Exp
   71    | Exp . GE Exp
   72    | Exp . NE Exp
   73    | Exp . EQ Exp
   74    | Exp . PLUS Exp
   75    | Exp . MINUS Exp
   76    | Exp . MUL Exp
   77    | Exp . DIV Exp
   77    | Exp DIV Exp .
   85    | Exp . LB Exp RB
   86    | Exp . DOT ID

    DOT    shift, and go to state 61
    LB     shift, and go to state 75
    ERROR  shift, and go to state 76

    ERROR     [reduce using rule 77 (Exp)]
    $default  reduce using rule 77 (Exp)


State 112

   64 Exp: Exp . ASSIGN Exp
   65    | Exp . AND Exp
   65    | Exp AND Exp .
   66    | Exp . OR Exp
   67    | Exp . ERROR Exp
   68    | Exp . LT Exp
   69    | Exp . LE Exp
   70    | Exp . GT Exp
   71    | Exp . GE Exp
   72    | Exp . NE Exp
   73    | Exp . EQ Exp
   74    | Exp . PLUS Exp
   75    | Exp . MINUS Exp
   76    | Exp . MUL Exp
   77    | Exp . DIV Exp
   85    | Exp . LB Exp RB
   86    | Exp . DOT ID

    DOT    shift, and go to state 61
    LT     shift, and go to state 63
    LE     shift, and go to state 64
    GT     shift, and go to state 65
    GE     shift, and go to state 66
    NE     shift, and go to state 67
    EQ     shift, and go to state 68
    PLUS   shift, and go to state 69
    MINUS  shift, and go to state 70
    MUL    shift, and go to state 71
    DIV    shift, and go to state 72
    LB     shift, and go to state 75
    ERROR  shift, and go to state 76

    ERROR     [reduce using rule 65 (Exp)]
    $default  reduce using rule 65 (Exp)


State 113

   64 Exp: Exp . ASSIGN Exp
   65    | Exp . AND Exp
   66    | Exp . OR Exp
   66    | Exp OR Exp .
   67    | Exp . ERROR Exp
   68    | Exp . LT Exp
   69    | Exp . LE Exp
   70    | Exp . GT Exp
   71    | Exp . GE Exp
   72    | Exp . NE Exp
   73    | Exp . EQ Exp
   74    | Exp . PLUS Exp
   75    | Exp . MINUS Exp
   76    | Exp . MUL Exp
   77    | Exp . DIV Exp
   85    | Exp . LB Exp RB
   86    | Exp . DOT ID

    DOT    shift, and go to state 61
    LT     shift, and go to state 63
    LE     shift, and go to state 64
    GT     shift, and go to state 65
    GE     shift, and go to state 66
    NE     shift, and go to state 67
    EQ     shift, and go to state 68
    PLUS   shift, and go to state 69
    MINUS  shift, and go to state 70
    MUL    shift, and go to state 71
    DIV    shift, and go to state 72
    AND    shift, and go to state 73
    LB     shift, and go to state 75
    ERROR  shift, and go to state 76

    ERROR     [reduce using rule 66 (Exp)]
    $default  reduce using rule 66 (Exp)


State 114

   64 Exp: Exp . ASSIGN Exp
   65    | Exp . AND Exp
   66    | Exp . OR Exp
   67    | Exp . ERROR Exp
   68    | Exp . LT Exp
   69    | Exp . LE Exp
   70    | Exp . GT Exp
   71    | Exp . GE Exp
   72    | Exp . NE Exp
   73    | Exp . EQ Exp
   74    | Exp . PLUS Exp
   75    | Exp . MINUS Exp
   76    | Exp . MUL Exp
   77    | Exp . DIV Exp
   85    | Exp . LB Exp RB
   85    | Exp LB Exp . RB
   86    | Exp . DOT ID

    DOT     shift, and go to state 61
    ASSIGN  shift, and go to state 62
    LT      shift, and go to state 63
    LE      shift, and go to state 64
    GT      shift, and go to state 65
    GE      shift, and go to state 66
    NE      shift, and go to state 67
    EQ      shift, and go to state 68
    PLUS    shift, and go to state 69
    MINUS   shift, and go to state 70
    MUL     shift, and go to state 71
    DIV     shift, and go to state 72
    AND     shift, and go to state 73
    OR      shift, and go to state 74
    LB      shift, and go to state 75
    RB      shift, and go to state 136
    ERROR   shift, and go to state 76


State 115

   64 Exp: Exp . ASSIGN Exp
   65    | Exp . AND Exp
   66    | Exp . OR Exp
   67    | Exp . ERROR Exp
   67    | Exp ERROR Exp .
   68    | Exp . LT Exp
   69    | Exp . LE Exp
   70    | Exp . GT Exp
   71    | Exp . GE Exp
   72    | Exp . NE Exp
   73    | Exp . EQ Exp
   74    | Exp . PLUS Exp
   75    | Exp . MINUS Exp
   76    | Exp . MUL Exp
   77    | Exp . DIV Exp
   85    | Exp . LB Exp RB
   86    | Exp . DOT ID

    DOT     shift, and go to state 61
    ASSIGN  shift, and go to state 62
    LT      shift, and go to state 63
    LE      shift, and go to state 64
    GT      shift, and go to state 65
    GE      shift, and go to state 66
    NE      shift, and go to state 67
    EQ      shift, and go to state 68
    PLUS    shift, and go to state 69
    MINUS   shift, and go to state 70
    MUL     shift, and go to state 71
    DIV     shift, and go to state 72
    AND     shift, and go to state 73
    OR      shift, and go to state 74
    LB      shift, and go to state 75
    ERROR   shift, and go to state 76

    DOT       [reduce using rule 67 (Exp)]
    ASSIGN    [reduce using rule 67 (Exp)]
    LT        [reduce using rule 67 (Exp)]
    LE        [reduce using rule 67 (Exp)]
    GT        [reduce using rule 67 (Exp)]
    GE        [reduce using rule 67 (Exp)]
    NE        [reduce using rule 67 (Exp)]
    EQ        [reduce using rule 67 (Exp)]
    PLUS      [reduce using rule 67 (Exp)]
    MINUS     [reduce using rule 67 (Exp)]
    MUL       [reduce using rule 67 (Exp)]
    DIV       [reduce using rule 67 (Exp)]
    AND       [reduce using rule 67 (Exp)]
    OR        [reduce using rule 67 (Exp)]
    LB        [reduce using rule 67 (Exp)]
    ERROR     [reduce using rule 67 (Exp)]
    $default  reduce using rule 67 (Exp)


State 116

   34 VarDec: VarDec . LB INT RB
   42 ParamDec: Specifier VarDec .

    LB  shift, and go to state 49

    $default  reduce using rule 42 (ParamDec)


State 117

   39 FunDec: ID LP VarList error .

    $default  reduce using rule 39 (FunDec)


State 118

   36 FunDec: ID LP VarList RP .

    $default  reduce using rule 36 (FunDec)


State 119

   40 VarList: ParamDec COMMA . VarList

    TYPE    shift, and go to state 1
    STRUCT  shift, and go to state 2

    Specifier        go to state 79
    StructSpecifier  go to state 11
    VarList          go to state 137
    ParamDec         go to state 81


State 120

   34 VarDec: VarDec LB INT RB .

    $default  reduce using rule 34 (VarDec)


State 121

   50 Stmt: IF . LP Exp RP Stmt
   51     | IF . LP Exp error Stmt
   52     | IF . LP Exp RP Stmt ELSE Stmt

    LP  shift, and go to state 138


State 122

   53 Stmt: WHILE . LP Exp RP Stmt
   54     | WHILE . LP Exp error Stmt

    LP  shift, and go to state 139


State 123

   48 Stmt: RETURN . Exp SEMI
   49     | RETURN . Exp error

    INT    shift, and go to state 37
    FLOAT  shift, and go to state 38
    CHAR   shift, and go to state 39
    ID     shift, and go to state 40
    MINUS  shift, and go to state 41
    NOT    shift, and go to state 42
    LP     shift, and go to state 43
    ERROR  shift, and go to state 44

    Exp  go to state 140


State 124

   47 Stmt: CompSt .

    $default  reduce using rule 47 (Stmt)


State 125

   43 CompSt: LC DefList StmtList . RC

    RC  shift, and go to state 141


State 126

   45 StmtList: Stmt . StmtList

    INT     shift, and go to state 37
    FLOAT   shift, and go to state 38
    CHAR    shift, and go to state 39
    IF      shift, and go to state 121
    WHILE   shift, and go to state 122
    RETURN  shift, and go to state 123
    ID      shift, and go to state 40
    MINUS   shift, and go to state 41
    NOT     shift, and go to state 42
    LP      shift, and go to state 43
    ERROR   shift, and go to state 44
    LC      shift, and go to state 50

    $default  reduce using rule 44 (StmtList)

    CompSt    go to state 124
    StmtList  go to state 142
    Stmt      go to state 126
    Exp       go to state 127


State 127

   46 Stmt: Exp . SEMI
   55     | Exp . error
   64 Exp: Exp . ASSIGN Exp
   65    | Exp . AND Exp
   66    | Exp . OR Exp
   67    | Exp . ERROR Exp
   68    | Exp . LT Exp
   69    | Exp . LE Exp
   70    | Exp . GT Exp
   71    | Exp . GE Exp
   72    | Exp . NE Exp
   73    | Exp . EQ Exp
   74    | Exp . PLUS Exp
   75    | Exp . MINUS Exp
   76    | Exp . MUL Exp
   77    | Exp . DIV Exp
   85    | Exp . LB Exp RB
   86    | Exp . DOT ID

    error   shift, and go to state 143
    DOT     shift, and go to state 61
    SEMI    shift, and go to state 144
    ASSIGN  shift, and go to state 62
    LT      shift, and go to state 63
    LE      shift, and go to state 64
    GT      shift, and go to state 65
    GE      shift, and go to state 66
    NE      shift, and go to state 67
    EQ      shift, and go to state 68
    PLUS    shift, and go to state 69
    MINUS   shift, and go to state 70
    MUL     shift, and go to state 71
    DIV     shift, and go to state 72
    AND     shift, and go to state 73
    OR      shift, and go to state 74
    LB      shift, and go to state 75
    ERROR   shift, and go to state 76


State 128

   63 Dec: VarDec ASSIGN . Exp

    INT    shift, and go to state 37
    FLOAT  shift, and go to state 38
    CHAR   shift, and go to state 39
    ID     shift, and go to state 40
    MINUS  shift, and go to state 41
    NOT    shift, and go to state 42
    LP     shift, and go to state 43
    ERROR  shift, and go to state 44

    Exp  go to state 145


State 129

   59 Def: Specifier DecList error .

    $default  reduce using rule 59 (Def)


State 130

   58 Def: Specifier DecList SEMI .

    $default  reduce using rule 58 (Def)


State 131

   61 DecList: Dec COMMA . DecList

    ID     shift, and go to state 82
    ERROR  shift, and go to state 26

    VarDec   go to state 86
    DecList  go to state 146
    Dec      go to state 88


State 132

   18 IdList: ID COMMA IdList .

    $default  reduce using rule 18 (IdList)


State 133

   92 Args: Exp COMMA . Args

    INT    shift, and go to state 37
    FLOAT  shift, and go to state 38
    CHAR   shift, and go to state 39
    ID     shift, and go to state 40
    MINUS  shift, and go to state 41
    NOT    shift, and go to state 42
    LP     shift, and go to state 43
    ERROR  shift, and go to state 44

    Exp   go to state 96
    Args  go to state 147


State 134

   83 Exp: ID LP Args error .

    $default  reduce using rule 83 (Exp)


State 135

   82 Exp: ID LP Args RP .

    $default  reduce using rule 82 (Exp)


State 136

   85 Exp: Exp LB Exp RB .

    $default  reduce using rule 85 (Exp)


State 137

   40 VarList: ParamDec COMMA VarList .

    $default  reduce using rule 40 (VarList)


State 138

   50 Stmt: IF LP . Exp RP Stmt
   51     | IF LP . Exp error Stmt
   52     | IF LP . Exp RP Stmt ELSE Stmt

    INT    shift, and go to state 37
    FLOAT  shift, and go to state 38
    CHAR   shift, and go to state 39
    ID     shift, and go to state 40
    MINUS  shift, and go to state 41
    NOT    shift, and go to state 42
    LP     shift, and go to state 43
    ERROR  shift, and go to state 44

    Exp  go to state 148


State 139

   53 Stmt: WHILE LP . Exp RP Stmt
   54     | WHILE LP . Exp error Stmt

    INT    shift, and go to state 37
    FLOAT  shift, and go to state 38
    CHAR   shift, and go to state 39
    ID     shift, and go to state 40
    MINUS  shift, and go to state 41
    NOT    shift, and go to state 42
    LP     shift, and go to state 43
    ERROR  shift, and go to state 44

    Exp  go to state 149


State 140

   48 Stmt: RETURN Exp . SEMI
   49     | RETURN Exp . error
   64 Exp: Exp . ASSIGN Exp
   65    | Exp . AND Exp
   66    | Exp . OR Exp
   67    | Exp . ERROR Exp
   68    | Exp . LT Exp
   69    | Exp . LE Exp
   70    | Exp . GT Exp
   71    | Exp . GE Exp
   72    | Exp . NE Exp
   73    | Exp . EQ Exp
   74    | Exp . PLUS Exp
   75    | Exp . MINUS Exp
   76    | Exp . MUL Exp
   77    | Exp . DIV Exp
   85    | Exp . LB Exp RB
   86    | Exp . DOT ID

    error   shift, and go to state 150
    DOT     shift, and go to state 61
    SEMI    shift, and go to state 151
    ASSIGN  shift, and go to state 62
    LT      shift, and go to state 63
    LE      shift, and go to state 64
    GT      shift, and go to state 65
    GE      shift, and go to state 66
    NE      shift, and go to state 67
    EQ      shift, and go to state 68
    PLUS    shift, and go to state 69
    MINUS   shift, and go to state 70
    MUL     shift, and go to state 71
    DIV     shift, and go to state 72
    AND     shift, and go to state 73
    OR      shift, and go to state 74
    LB      shift, and go to state 75
    ERROR   shift, and go to state 76


State 141

   43 CompSt: LC DefList StmtList RC .

    $default  reduce using rule 43 (CompSt)


State 142

   45 StmtList: Stmt StmtList .

    $default  reduce using rule 45 (StmtList)


State 143

   55 Stmt: Exp error .

    $default  reduce using rule 55 (Stmt)


State 144

   46 Stmt: Exp SEMI .

    $default  reduce using rule 46 (Stmt)


State 145

   63 Dec: VarDec ASSIGN Exp .
   64 Exp: Exp . ASSIGN Exp
   65    | Exp . AND Exp
   66    | Exp . OR Exp
   67    | Exp . ERROR Exp
   68    | Exp . LT Exp
   69    | Exp . LE Exp
   70    | Exp . GT Exp
   71    | Exp . GE Exp
   72    | Exp . NE Exp
   73    | Exp . EQ Exp
   74    | Exp . PLUS Exp
   75    | Exp . MINUS Exp
   76    | Exp . MUL Exp
   77    | Exp . DIV Exp
   85    | Exp . LB Exp RB
   86    | Exp . DOT ID

    DOT     shift, and go to state 61
    ASSIGN  shift, and go to state 62
    LT      shift, and go to state 63
    LE      shift, and go to state 64
    GT      shift, and go to state 65
    GE      shift, and go to state 66
    NE      shift, and go to state 67
    EQ      shift, and go to state 68
    PLUS    shift, and go to state 69
    MINUS   shift, and go to state 70
    MUL     shift, and go to state 71
    DIV     shift, and go to state 72
    AND     shift, and go to state 73
    OR      shift, and go to state 74
    LB      shift, and go to state 75
    ERROR   shift, and go to state 76

    $default  reduce using rule 63 (Dec)


State 146

   61 DecList: Dec COMMA DecList .

    $default  reduce using rule 61 (DecList)


State 147

   92 Args: Exp COMMA Args .

    $default  reduce using rule 92 (Args)


State 148

   50 Stmt: IF LP Exp . RP Stmt
   51     | IF LP Exp . error Stmt
   52     | IF LP Exp . RP Stmt ELSE Stmt
   64 Exp: Exp . ASSIGN Exp
   65    | Exp . AND Exp
   66    | Exp . OR Exp
   67    | Exp . ERROR Exp
   68    | Exp . LT Exp
   69    | Exp . LE Exp
   70    | Exp . GT Exp
   71    | Exp . GE Exp
   72    | Exp . NE Exp
   73    | Exp . EQ Exp
   74    | Exp . PLUS Exp
   75    | Exp . MINUS Exp
   76    | Exp . MUL Exp
   77    | Exp . DIV Exp
   85    | Exp . LB Exp RB
   86    | Exp . DOT ID

    error   shift, and go to state 152
    DOT     shift, and go to state 61
    ASSIGN  shift, and go to state 62
    LT      shift, and go to state 63
    LE      shift, and go to state 64
    GT      shift, and go to state 65
    GE      shift, and go to state 66
    NE      shift, and go to state 67
    EQ      shift, and go to state 68
    PLUS    shift, and go to state 69
    MINUS   shift, and go to state 70
    MUL     shift, and go to state 71
    DIV     shift, and go to state 72
    AND     shift, and go to state 73
    OR      shift, and go to state 74
    RP      shift, and go to state 153
    LB      shift, and go to state 75
    ERROR   shift, and go to state 76


State 149

   53 Stmt: WHILE LP Exp . RP Stmt
   54     | WHILE LP Exp . error Stmt
   64 Exp: Exp . ASSIGN Exp
   65    | Exp . AND Exp
   66    | Exp . OR Exp
   67    | Exp . ERROR Exp
   68    | Exp . LT Exp
   69    | Exp . LE Exp
   70    | Exp . GT Exp
   71    | Exp . GE Exp
   72    | Exp . NE Exp
   73    | Exp . EQ Exp
   74    | Exp . PLUS Exp
   75    | Exp . MINUS Exp
   76    | Exp . MUL Exp
   77    | Exp . DIV Exp
   85    | Exp . LB Exp RB
   86    | Exp . DOT ID

    error   shift, and go to state 154
    DOT     shift, and go to state 61
    ASSIGN  shift, and go to state 62
    LT      shift, and go to state 63
    LE      shift, and go to state 64
    GT      shift, and go to state 65
    GE      shift, and go to state 66
    NE      shift, and go to state 67
    EQ      shift, and go to state 68
    PLUS    shift, and go to state 69
    MINUS   shift, and go to state 70
    MUL     shift, and go to state 71
    DIV     shift, and go to state 72
    AND     shift, and go to state 73
    OR      shift, and go to state 74
    RP      shift, and go to state 155
    LB      shift, and go to state 75
    ERROR   shift, and go to state 76


State 150

   49 Stmt: RETURN Exp error .

    $default  reduce using rule 49 (Stmt)


State 151

   48 Stmt: RETURN Exp SEMI .

    $default  reduce using rule 48 (Stmt)


State 152

   51 Stmt: IF LP Exp error . Stmt

    INT     shift, and go to state 37
    FLOAT   shift, and go to state 38
    CHAR    shift, and go to state 39
    IF      shift, and go to state 121
    WHILE   shift, and go to state 122
    RETURN  shift, and go to state 123
    ID      shift, and go to state 40
    MINUS   shift, and go to state 41
    NOT     shift, and go to state 42
    LP      shift, and go to state 43
    ERROR   shift, and go to state 44
    LC      shift, and go to state 50

    CompSt  go to state 124
    Stmt    go to state 156
    Exp     go to state 127


State 153

   50 Stmt: IF LP Exp RP . Stmt
   52     | IF LP Exp RP . Stmt ELSE Stmt

    INT     shift, and go to state 37
    FLOAT   shift, and go to state 38
    CHAR    shift, and go to state 39
    IF      shift, and go to state 121
    WHILE   shift, and go to state 122
    RETURN  shift, and go to state 123
    ID      shift, and go to state 40
    MINUS   shift, and go to state 41
    NOT     shift, and go to state 42
    LP      shift, and go to state 43
    ERROR   shift, and go to state 44
    LC      shift, and go to state 50

    CompSt  go to state 124
    Stmt    go to state 157
    Exp     go to state 127


State 154

   54 Stmt: WHILE LP Exp error . Stmt

    INT     shift, and go to state 37
    FLOAT   shift, and go to state 38
    CHAR    shift, and go to state 39
    IF      shift, and go to state 121
    WHILE   shift, and go to state 122
    RETURN  shift, and go to state 123
    ID      shift, and go to state 40
    MINUS   shift, and go to state 41
    NOT     shift, and go to state 42
    LP      shift, and go to state 43
    ERROR   shift, and go to state 44
    LC      shift, and go to state 50

    CompSt  go to state 124
    Stmt    go to state 158
    Exp     go to state 127


State 155

   53 Stmt: WHILE LP Exp RP . Stmt

    INT     shift, and go to state 37
    FLOAT   shift, and go to state 38
    CHAR    shift, and go to state 39
    IF      shift, and go to state 121
    WHILE   shift, and go to state 122
    RETURN  shift, and go to state 123
    ID      shift, and go to state 40
    MINUS   shift, and go to state 41
    NOT     shift, and go to state 42
    LP      shift, and go to state 43
    ERROR   shift, and go to state 44
    LC      shift, and go to state 50

    CompSt  go to state 124
    Stmt    go to state 159
    Exp     go to state 127


State 156

   51 Stmt: IF LP Exp error Stmt .

    $default  reduce using rule 51 (Stmt)


State 157

   50 Stmt: IF LP Exp RP Stmt .
   52     | IF LP Exp RP Stmt . ELSE Stmt

    ELSE  shift, and go to state 160

    $default  reduce using rule 50 (Stmt)


State 158

   54 Stmt: WHILE LP Exp error Stmt .

    $default  reduce using rule 54 (Stmt)


State 159

   53 Stmt: WHILE LP Exp RP Stmt .

    $default  reduce using rule 53 (Stmt)


State 160

   52 Stmt: IF LP Exp RP Stmt ELSE . Stmt

    INT     shift, and go to state 37
    FLOAT   shift, and go to state 38
    CHAR    shift, and go to state 39
    IF      shift, and go to state 121
    WHILE   shift, and go to state 122
    RETURN  shift, and go to state 123
    ID      shift, and go to state 40
    MINUS   shift, and go to state 41
    NOT     shift, and go to state 42
    LP      shift, and go to state 43
    ERROR   shift, and go to state 44
    LC      shift, and go to state 50

    CompSt  go to state 124
    Stmt    go to state 161
    Exp     go to state 127


State 161

   52 Stmt: IF LP Exp RP Stmt ELSE Stmt .

    $default  reduce using rule 52 (Stmt)
